Executable: ./poisson_gs
Number of threads: 1
Gauss Seidel executed
Total iteration: 3000
Norm: 1000
real 59.48
user 59.44
sys 0.02
Number of threads: 2
Gauss Seidel executed
Total iteration: 3000
Norm: 1000
real 55.33
user 110.51
sys 0.07
Number of threads: 4
Gauss Seidel executed
Total iteration: 3000
Norm: 1000
real 24.20
user 96.64
sys 0.07
Number of threads: 6
Gauss Seidel executed
Total iteration: 3000
Norm: 1000
real 20.88
user 125.11
sys 0.04
Number of threads: 8
Gauss Seidel executed
Total iteration: 3000
Norm: 1000
real 15.58
user 124.42
sys 0.05
Number of threads: 10
Gauss Seidel executed
Total iteration: 3000
Norm: 1000
real 11.62
user 115.93
sys 0.04
Number of threads: 12
Gauss Seidel executed
Total iteration: 3000
Norm: 1000
real 9.92
user 118.75
sys 0.03
Number of threads: 14
Gauss Seidel executed
Total iteration: 3000
Norm: 1000
real 8.22
user 114.83
sys 0.05
Number of threads: 16
Gauss Seidel executed
Total iteration: 3000
Norm: 1000
real 7.05
user 112.24
sys 0.03
Number of threads: 18
Gauss Seidel executed
Total iteration: 3000
Norm: 1000
real 6.07
user 108.88
sys 0.04
Number of threads: 20
Gauss Seidel executed
Total iteration: 3000
Norm: 1000
real 5.63
user 111.88
sys 0.02
Number of threads: 22
Gauss Seidel executed
Total iteration: 3000
Norm: 1000
real 5.32
user 116.49
sys 0.03
Number of threads: 24
Gauss Seidel executed
Total iteration: 3000
Norm: 1000
real 4.76
user 113.65
sys 0.04

------------------------------------------------------------
Sender: LSF System <lsfadmin@n-62-21-94>
Subject: Job 9097200: <Gauss_Sidel_par> in cluster <dcc> Done

Job <Gauss_Sidel_par> was submitted from host <n-62-27-19> by user <s202737> in cluster <dcc> at Thu Jan 14 14:14:33 2021
Job was executed on host(s) <24*n-62-21-94>, in queue <hpcintro>, as user <s202737> in cluster <dcc> at Thu Jan 14 14:14:37 2021
</zhome/1a/b/153979> was used as the home directory.
</zhome/1a/b/153979/HPC-parallel-poisson> was used as the working directory.
Started at Thu Jan 14 14:14:37 2021
Terminated at Thu Jan 14 14:18:31 2021
Results reported at Thu Jan 14 14:18:31 2021

Your job looked like:

------------------------------------------------------------
# LSBATCH: User input
#BSUB -J Gauss_Sidel_par
#BSUB -o GaussSidel_parallel%J.out
#BSUB -q hpcintro
#BSUB -n 24
#BSUB -R "rusage[mem=2048]"
#BSUB -W 45

# module load studio

# define the driver name to use
# valid values: matmult_c.studio, matmult_f.studio, matmult_c.gcc or
# matmult_f.gcc
#

N=150
NUM_ITER=3000
TOLERANCE=0.0001
START_T=0.0
OUTPUT=0

PLACE=sockets
BIND=spread

THREADS="1 2 4 6 8 10 12 14 16 18 20 22 24"
#THREADS="6 8 10"
EXE="./poisson_gs"
for EX in $EXE 
do
echo "Executable: $EX"
for THR in $THREADS
do
echo "Number of threads: $THR"
    OMP_PLACES=$PLACE OMP_PROC_BIND=$BIND OMP_NUM_THREADS=$THR time -p $EX $N $NUM_ITER $TOLERANCE $START_T $OUTPUT
    #OMP_NUM_THREADS=$THR time -p $EX $N $NUM_ITER $TOLERANCE $START_T $OUTPUT
done
done

#for N in 100 200 300 400
#do
#    OMP_NUM_THREADS=1 time -p ./poisson_j1 $N $NUM_ITER $TOLERANCE $START_T $OUTPUT
#done

------------------------------------------------------------

Successfully completed.

Resource usage summary:

    CPU time :                                   1429.90 sec.
    Max Memory :                                 68 MB
    Average Memory :                             66.50 MB
    Total Requested Memory :                     49152.00 MB
    Delta Memory :                               49084.00 MB
    Max Swap :                                   -
    Max Processes :                              5
    Max Threads :                                27
    Run time :                                   234 sec.
    Turnaround time :                            238 sec.

The output (if any) is above this job summary.

