Executable: ./poisson_gs
Number of threads: 1
5459.32	82.07
Number of threads: 2
5718.4	78.35
Number of threads: 4
10751.4	41.68
Number of threads: 6
15230.4	29.43
Number of threads: 8
20264.1	22.12
Number of threads: 10
25905.4	17.31
Number of threads: 12
30527.3	14.69
Number of threads: 14
35619.5	12.59
Number of threads: 16
39170.1	11.45
Number of threads: 18
43039.7	10.42
Number of threads: 20
53562	8.37
Number of threads: 22
51874.6	8.65
Number of threads: 24
65105.3	6.89

------------------------------------------------------------
Sender: LSF System <lsfadmin@n-62-21-96>
Subject: Job 9097966: <Gauss_Sidel_par> in cluster <dcc> Done

Job <Gauss_Sidel_par> was submitted from host <n-62-27-19> by user <s202737> in cluster <dcc> at Thu Jan 14 17:12:44 2021
Job was executed on host(s) <24*n-62-21-96>, in queue <hpcintro>, as user <s202737> in cluster <dcc> at Thu Jan 14 17:23:31 2021
</zhome/1a/b/153979> was used as the home directory.
</zhome/1a/b/153979/HPC-parallel-poisson> was used as the working directory.
Started at Thu Jan 14 17:23:31 2021
Terminated at Thu Jan 14 17:29:16 2021
Results reported at Thu Jan 14 17:29:16 2021

Your job looked like:

------------------------------------------------------------
# LSBATCH: User input
#BSUB -J Gauss_Sidel_par
#BSUB -o GaussSidel_parallel%J.out
#BSUB -q hpcintro
#BSUB -n 24
#BSUB -R "rusage[mem=2048]"
#BSUB -W 45

# module load studio

# define the driver name to use
# valid values: matmult_c.studio, matmult_f.studio, matmult_c.gcc or
# matmult_f.gcc
#

N=120
NUM_ITER=8000
TOLERANCE=0.0001
START_T=0.0
OUTPUT=0

PLACE=sockets
BIND=spread

THREADS="1 2 4 6 8 10 12 14 16 18 20 22 24"
#THREADS="6 8 10"
EXE="./poisson_gs"
for EX in $EXE 
do
echo "Executable: $EX"
for THR in $THREADS
do
echo "Number of threads: $THR"
    OMP_PLACES=$PLACE OMP_PROC_BIND=$BIND OMP_NUM_THREADS=$THR time --format=%e $EX $N $NUM_ITER $TOLERANCE $START_T $OUTPUT
    #OMP_NUM_THREADS=$THR time --format=%e $EX $N $NUM_ITER $TOLERANCE $START_T $OUTPUT
done
done

#for N in 100 200 300 400
#do
#    OMP_NUM_THREADS=1 time -p ./poisson_j1 $N $NUM_ITER $TOLERANCE $START_T $OUTPUT
#done

------------------------------------------------------------

Successfully completed.

Resource usage summary:

    CPU time :                                   2176.62 sec.
    Max Memory :                                 37 MB
    Average Memory :                             37.00 MB
    Total Requested Memory :                     49152.00 MB
    Delta Memory :                               49115.00 MB
    Max Swap :                                   -
    Max Processes :                              5
    Max Threads :                                25
    Run time :                                   345 sec.
    Turnaround time :                            992 sec.

The output (if any) is above this job summary.

