Executable: ./poisson_j1
405.45
202.61
103.02
68.72
51.56
41.29
34.46
31.01
27.59
24.19
20.76
20.75
17.64
Executable: ./poisson_j2
405.29
202.63
103.05
68.71
51.61
41.32
34.45
30.98
27.57
24.17
20.75
20.74
17.85
Executable: ./poisson_j3
80.69
Terminated

------------------------------------------------------------
Sender: LSF System <lsfadmin@n-62-21-95>
Subject: Job 9098046: <Jacobi_par> in cluster <dcc> Exited

Job <Jacobi_par> was submitted from host <n-62-27-19> by user <s202737> in cluster <dcc> at Thu Jan 14 17:33:58 2021
Job was executed on host(s) <24*n-62-21-95>, in queue <hpcintro>, as user <s202737> in cluster <dcc> at Thu Jan 14 17:34:00 2021
</zhome/1a/b/153979> was used as the home directory.
</zhome/1a/b/153979/HPC-parallel-poisson> was used as the working directory.
Started at Thu Jan 14 17:34:00 2021
Terminated at Thu Jan 14 18:10:28 2021
Results reported at Thu Jan 14 18:10:28 2021

Your job looked like:

------------------------------------------------------------
# LSBATCH: User input
#BSUB -J Jacobi_par
#BSUB -o Jacobi_parallel%J.out
#BSUB -q hpcintro
#BSUB -n 24
#BSUB -R "rusage[mem=2048]"
#BSUB -W 45

# module load studio

# define the driver name to use
# valid values: matmult_c.studio, matmult_f.studio, matmult_c.gcc or
# matmult_f.gcc
#

N=120
NUM_ITER=8000
TOLERANCE=0.0001
START_T=0.0
OUTPUT=0

PLACE=cores
BIND=spread

THREADS="1 2 4 6 8 10 12 14 16 18 20 22 24"
#THREADS="6 8 10"
EXE="./poisson_j1 ./poisson_j2 ./poisson_j3 ./poisson_j4" # ./poisson_j5"
#EXE="./poisson_j2 ./poisson_j3"
for EX in $EXE 
do
echo "Executable: $EX"
for THR in $THREADS
do
# echo "Number of threads: $THR"
    #OMP_PLACES=$PLACE OMP_PROC_BIND=$BIND OMP_NUM_THREADS=$THR time --format=%e $EX $N $NUM_ITER $TOLERANCE $START_T $OUTPUT
    OMP_NUM_THREADS=$THR time --format=%e $EX $N $NUM_ITER $TOLERANCE $START_T $OUTPUT
done
done

#for N in 100 200 300 400
#do
#    OMP_NUM_THREADS=1 time -p ./poisson_j1 $N $NUM_ITER $TOLERANCE $START_T $OUTPUT
#done

------------------------------------------------------------

TERM_OWNER: job killed by owner.
Exited with exit code 143.

Resource usage summary:

    CPU time :                                   11052.00 sec.
    Max Memory :                                 39 MB
    Average Memory :                             37.44 MB
    Total Requested Memory :                     49152.00 MB
    Delta Memory :                               49113.00 MB
    Max Swap :                                   -
    Max Processes :                              5
    Max Threads :                                23
    Run time :                                   2188 sec.
    Turnaround time :                            2190 sec.

The output (if any) is above this job summary.

