Executable: ./poisson_j3
405.31
202.44
102.99
68.69
51.58
41.30
34.43
31.03
27.58
24.19
20.78
20.76
17.43
Executable: ./poisson_j4
405.48
202.56
103.05
68.71
51.55
41.29
34.43
31.00
27.56
24.16
20.71
20.73
18.64

------------------------------------------------------------
Sender: LSF System <lsfadmin@n-62-21-78>
Subject: Job 9098140: <Jacobi_par> in cluster <dcc> Done

Job <Jacobi_par> was submitted from host <n-62-27-19> by user <s202737> in cluster <dcc> at Thu Jan 14 18:11:58 2021
Job was executed on host(s) <24*n-62-21-78>, in queue <hpcintro>, as user <s202737> in cluster <dcc> at Thu Jan 14 18:45:58 2021
</zhome/1a/b/153979> was used as the home directory.
</zhome/1a/b/153979/HPC-parallel-poisson> was used as the working directory.
Started at Thu Jan 14 18:45:58 2021
Terminated at Thu Jan 14 19:20:57 2021
Results reported at Thu Jan 14 19:20:57 2021

Your job looked like:

------------------------------------------------------------
# LSBATCH: User input
#BSUB -J Jacobi_par
#BSUB -o Jacobi_parallel%J.out
#BSUB -q hpcintro
#BSUB -n 24
#BSUB -R "rusage[mem=2048]"
#BSUB -W 45

# module load studio

# define the driver name to use
# valid values: matmult_c.studio, matmult_f.studio, matmult_c.gcc or
# matmult_f.gcc
#

N=120
NUM_ITER=8000
TOLERANCE=0.0001
START_T=0.0
OUTPUT=0

PLACE=sockets
BIND=spread

THREADS="1 2 4 6 8 10 12 14 16 18 20 22 24"
#THREADS="6 8 10"
#EXE="./poisson_j1 ./poisson_j2 ./poisson_j3 ./poisson_j4" # ./poisson_j5"
EXE="./poisson_j3 ./poisson_j4"
for EX in $EXE 
do
echo "Executable: $EX"
for THR in $THREADS
do
# echo "Number of threads: $THR"
    #OMP_PLACES=$PLACE OMP_PROC_BIND=$BIND OMP_NUM_THREADS=$THR time --format=%e $EX $N $NUM_ITER $TOLERANCE $START_T $OUTPUT
    OMP_NUM_THREADS=$THR time --format=%e $EX $N $NUM_ITER $TOLERANCE $START_T $OUTPUT
done
done

#for N in 100 200 300 400
#do
#    OMP_NUM_THREADS=1 time -p ./poisson_j1 $N $NUM_ITER $TOLERANCE $START_T $OUTPUT
#done

------------------------------------------------------------

Successfully completed.

Resource usage summary:

    CPU time :                                   10963.75 sec.
    Max Memory :                                 39 MB
    Average Memory :                             37.78 MB
    Total Requested Memory :                     49152.00 MB
    Delta Memory :                               49113.00 MB
    Max Swap :                                   -
    Max Processes :                              5
    Max Threads :                                27
    Run time :                                   2099 sec.
    Turnaround time :                            4139 sec.

The output (if any) is above this job summary.

