Executable: ./poisson_j1
Number of threads: 1
real 49.68
user 49.63
sys 0.03
Number of threads: 2
real 24.52
user 48.99
sys 0.02
Number of threads: 4
real 12.58
user 50.23
sys 0.03
Number of threads: 6
real 8.46
user 50.68
sys 0.02
Number of threads: 8
real 6.29
user 50.22
sys 0.02
Number of threads: 10
real 5.09
user 50.75
sys 0.02
Number of threads: 12
real 4.26
user 50.97
sys 0.02
Number of threads: 14
real 3.92
user 54.68
sys 0.02
Number of threads: 16
real 3.59
user 57.21
sys 0.02
Number of threads: 18
real 3.33
user 59.66
sys 0.03
Number of threads: 20
real 3.69
user 73.62
sys 0.03
Number of threads: 22
real 3.16
user 69.28
sys 0.03
Number of threads: 24
real 2.58
user 61.62
sys 0.02
Executable: ./poisson_j2
Number of threads: 1
real 49.79
user 49.75
sys 0.02
Number of threads: 2
real 24.62
user 49.19
sys 0.03
Number of threads: 4
real 12.39
user 49.49
sys 0.02
Number of threads: 6
real 8.31
user 49.81
sys 0.02
Number of threads: 8
real 6.28
user 50.12
sys 0.01
Number of threads: 10
real 4.99
user 49.83
sys 0.02
Number of threads: 12
real 4.18
user 50.08
sys 0.01
Number of threads: 14
real 3.68
user 51.36
sys 0.01
Number of threads: 16
real 3.32
user 52.89
sys 0.04
Number of threads: 18
real 3.13
user 56.16
sys 0.02
Number of threads: 20
real 3.56
user 70.93
sys 0.03
Number of threads: 22
real 2.90
user 63.49
sys 0.04
Number of threads: 24
real 3.48
user 83.32
sys 0.03
Executable: ./poisson_j3
Number of threads: 1
real 50.56
user 50.52
sys 0.02
Number of threads: 2
real 24.93
user 49.81
sys 0.03
Number of threads: 4
real 12.53
user 50.04
sys 0.02
Number of threads: 6
real 8.48
user 50.78
sys 0.03
Number of threads: 8
real 6.31
user 50.40
sys 0.01
Number of threads: 10
real 5.12
user 51.08
sys 0.01
Number of threads: 12
real 4.35
user 52.07
sys 0.02
Number of threads: 14
real 3.81
user 53.12
sys 0.02
Number of threads: 16
real 3.35
user 53.36
sys 0.03
Number of threads: 18
real 3.26
user 58.58
sys 0.03
Number of threads: 20
real 3.65
user 72.85
sys 0.02
Number of threads: 22
real 3.29
user 72.20
sys 0.02
Number of threads: 24
real 2.82
user 67.27
sys 0.03
Executable: ./poisson_j4
Number of threads: 1
real 49.63
user 49.60
sys 0.01
Number of threads: 2
real 24.60
user 49.16
sys 0.02
Number of threads: 4
real 12.52
user 50.04
sys 0.02
Number of threads: 6
real 8.48
user 50.84
sys 0.01
Number of threads: 8
real 6.38
user 50.98
sys 0.03
Number of threads: 10
real 5.04
user 50.35
sys 0.04
Number of threads: 12
real 4.34
user 52.04
sys 0.04
Number of threads: 14
real 3.87
user 54.11
sys 0.02
Number of threads: 16
real 3.55
user 56.84
sys 0.03
Number of threads: 18
real 3.37
user 60.58
sys 0.05
Number of threads: 20
real 2.70
user 53.88
sys 0.04
Number of threads: 22
real 2.84
user 62.38
sys 0.01
Number of threads: 24
real 2.60
user 62.23
sys 0.06

------------------------------------------------------------
Sender: LSF System <lsfadmin@n-62-21-77>
Subject: Job 9097583: <Jacobi_par> in cluster <dcc> Done

Job <Jacobi_par> was submitted from host <n-62-30-7> by user <s202447> in cluster <dcc> at Thu Jan 14 14:54:40 2021
Job was executed on host(s) <24*n-62-21-77>, in queue <hpcintro>, as user <s202447> in cluster <dcc> at Thu Jan 14 14:54:43 2021
</zhome/49/5/153826> was used as the home directory.
</zhome/49/5/153826/HPC/HPC-parallel-poisson> was used as the working directory.
Started at Thu Jan 14 14:54:43 2021
Terminated at Thu Jan 14 15:03:28 2021
Results reported at Thu Jan 14 15:03:28 2021

Your job looked like:

------------------------------------------------------------
# LSBATCH: User input
#BSUB -J Jacobi_par
#BSUB -o Jacobi_parallel%J.out
#BSUB -q hpcintro
#BSUB -n 24
#BSUB -R "rusage[mem=2048]"
#BSUB -W 45

# module load studio

# define the driver name to use
# valid values: matmult_c.studio, matmult_f.studio, matmult_c.gcc or
# matmult_f.gcc
#

N=120
NUM_ITER=8000
TOLERANCE=0.0001
START_T=0.0
OUTPUT=0

PLACE=cores
BIND=spread

THREADS="1 2 4 6 8 10 12 14 16 18 20 22 24"
#THREADS="6 8 10"
EXE="./poisson_j1 ./poisson_j2 ./poisson_j3 ./poisson_j4" # ./poisson_j5"
#EXE="./poisson_j4"
for EX in $EXE 
do
echo "Executable: $EX"
for THR in $THREADS
do
echo "Number of threads: $THR"
    #OMP_PLACES=$PLACE OMP_PROC_BIND=$BIND OMP_NUM_THREADS=$THR time -p $EX $N $NUM_ITER $TOLERANCE $START_T $OUTPUT
    OMP_NUM_THREADS=$THR time -p $EX $N $NUM_ITER $TOLERANCE $START_T $OUTPUT
done
done

#for N in 100 200 300 400
#do
#    OMP_NUM_THREADS=1 time -p ./poisson_j1 $N $NUM_ITER $TOLERANCE $START_T $OUTPUT
#done

------------------------------------------------------------

Successfully completed.

Resource usage summary:

    CPU time :                                   2891.65 sec.
    Max Memory :                                 39 MB
    Average Memory :                             37.33 MB
    Total Requested Memory :                     49152.00 MB
    Delta Memory :                               49113.00 MB
    Max Swap :                                   -
    Max Processes :                              5
    Max Threads :                                25
    Run time :                                   525 sec.
    Turnaround time :                            528 sec.

The output (if any) is above this job summary.

