Executable: ./poisson_j4
Number of threads: 1
Jacobi executed
Total iteration: 3000
Norm: 2.80147
real 37.03
user 36.99
sys 0.03
Number of threads: 2
Jacobi executed
Total iteration: 3000
Norm: 2.80147
real 18.50
user 36.95
sys 0.03
Number of threads: 4
Jacobi executed
Total iteration: 3000
Norm: 2.80147
real 9.28
user 37.06
sys 0.03
Number of threads: 6
Jacobi executed
Total iteration: 3000
Norm: 2.80147
real 6.34
user 38.03
sys 0.01
Number of threads: 8
Jacobi executed
Total iteration: 3000
Norm: 2.80147
real 4.84
user 38.69
sys 0.03
Number of threads: 10
Jacobi executed
Total iteration: 3000
Norm: 2.80147
real 3.93
user 39.33
sys 0.01
Number of threads: 12
Jacobi executed
Total iteration: 3000
Norm: 2.80147
real 3.41
user 40.86
sys 0.02
Number of threads: 14
Jacobi executed
Total iteration: 3000
Norm: 2.80147
real 2.85
user 39.91
sys 0.01
Number of threads: 16
Jacobi executed
Total iteration: 3000
Norm: 2.80147
real 2.59
user 41.22
sys 0.06
Number of threads: 18
Jacobi executed
Total iteration: 3000
Norm: 2.80147
real 2.76
user 49.59
sys 0.02
Number of threads: 20
Jacobi executed
Total iteration: 3000
Norm: 2.80147
real 2.13
user 42.28
sys 0.05
Number of threads: 22
Jacobi executed
Total iteration: 3000
Norm: 2.80147
real 1.87
user 41.17
sys 0.02
Number of threads: 24
Jacobi executed
Total iteration: 3000
Norm: 2.80147
real 2.00
user 47.19
sys 0.04

------------------------------------------------------------
Sender: LSF System <lsfadmin@n-62-21-75>
Subject: Job 9096969: <Jacobi_par> in cluster <dcc> Done

Job <Jacobi_par> was submitted from host <n-62-30-7> by user <s202447> in cluster <dcc> at Thu Jan 14 13:45:59 2021
Job was executed on host(s) <24*n-62-21-75>, in queue <hpcintro>, as user <s202447> in cluster <dcc> at Thu Jan 14 13:52:36 2021
</zhome/49/5/153826> was used as the home directory.
</zhome/49/5/153826/HPC/HPC-parallel-poisson> was used as the working directory.
Started at Thu Jan 14 13:52:36 2021
Terminated at Thu Jan 14 13:54:14 2021
Results reported at Thu Jan 14 13:54:14 2021

Your job looked like:

------------------------------------------------------------
# LSBATCH: User input
#BSUB -J Jacobi_par
#BSUB -o Jacobi_parallel%J.out
#BSUB -q hpcintro
#BSUB -n 24
#BSUB -R "rusage[mem=2048]"
#BSUB -W 45

# module load studio

# define the driver name to use
# valid values: matmult_c.studio, matmult_f.studio, matmult_c.gcc or
# matmult_f.gcc
#

N=150
NUM_ITER=3000
TOLERANCE=0.0001
START_T=0.0
OUTPUT=0

PLACE=cores
BIND=spread

THREADS="1 2 4 6 8 10 12 14 16 18 20 22 24"
#THREADS="6 8 10"
#EXE="./poisson_j1 ./poisson_j2 ./poisson_j3 ./poisson_j4" # ./poisson_j5"
EXE="./poisson_j4"
for EX in $EXE 
do
echo "Executable: $EX"
for THR in $THREADS
do
echo "Number of threads: $THR"
    OMP_PLACES=$PLACE OMP_PROC_BIND=$BIND OMP_NUM_THREADS=$THR time -p $EX $N $NUM_ITER $TOLERANCE $START_T $OUTPUT
    #OMP_NUM_THREADS=$THR time -p $EX $N $NUM_ITER $TOLERANCE $START_T $OUTPUT
done
done

#for N in 100 200 300 400
#do
#    OMP_NUM_THREADS=1 time -p ./poisson_j1 $N $NUM_ITER $TOLERANCE $START_T $OUTPUT
#done

------------------------------------------------------------

Successfully completed.

Resource usage summary:

    CPU time :                                   530.17 sec.
    Max Memory :                                 66 MB
    Average Memory :                             66.00 MB
    Total Requested Memory :                     49152.00 MB
    Delta Memory :                               49086.00 MB
    Max Swap :                                   -
    Max Processes :                              5
    Max Threads :                                6
    Run time :                                   98 sec.
    Turnaround time :                            495 sec.

The output (if any) is above this job summary.

