Executable: ./poisson_j1
Number of threads: 1
Jacobi executed
Total iteration: 3000
Norm: 2.80147
real 37.10
user 37.06
sys 0.03
Number of threads: 2
Jacobi executed
Total iteration: 3000
Norm: 2.80147
real 18.44
user 36.81
sys 0.03
Number of threads: 4
Jacobi executed
Total iteration: 3000
Norm: 2.80147
real 9.37
user 37.39
sys 0.04
Number of threads: 6
Jacobi executed
Total iteration: 3000
Norm: 2.80147
real 6.41
user 38.34
sys 0.03
Number of threads: 8
Jacobi executed
Total iteration: 3000
Norm: 2.80147
real 4.97
user 39.55
sys 0.04
Number of threads: 10
Jacobi executed
Total iteration: 3000
Norm: 2.80147
real 3.97
user 39.49
sys 0.04
Number of threads: 12
Jacobi executed
Total iteration: 3000
Norm: 2.80147
real 3.55
user 42.39
sys 0.03
Number of threads: 14
Jacobi executed
Total iteration: 3000
Norm: 2.80147
real 3.45
user 48.04
sys 0.03
Number of threads: 16
Jacobi executed
Total iteration: 3000
Norm: 2.80147
real 3.32
user 52.70
sys 0.04
Number of threads: 18
Jacobi executed
Total iteration: 3000
Norm: 2.80147
real 2.95
user 52.65
sys 0.04
Number of threads: 20
Jacobi executed
Total iteration: 3000
Norm: 2.80147
real 3.22
user 64.02
sys 0.04
Number of threads: 22
Jacobi executed
Total iteration: 3000
Norm: 2.80147
real 2.81
user 61.44
sys 0.04
Number of threads: 24
Jacobi executed
Total iteration: 3000
Norm: 2.80147
real 4.23
user 98.47
sys 0.10

Executable: ./poisson_j2
Number of threads: 1
Jacobi executed
Total iteration: 3000
Norm: 2.80147
real 37.19
user 37.16
sys 0.02
Number of threads: 2
Jacobi executed
Total iteration: 3000
Norm: 2.80147
real 18.56
user 37.07
sys 0.03
Number of threads: 4
Jacobi executed
Total iteration: 3000
Norm: 2.80147
real 9.35
user 37.30
sys 0.03
Number of threads: 6
Jacobi executed
Total iteration: 3000
Norm: 2.80147
real 6.27
user 37.50
sys 0.03
Number of threads: 8
Jacobi executed
Total iteration: 3000
Norm: 2.80147
real 4.80
user 38.28
sys 0.03
Number of threads: 10
Jacobi executed
Total iteration: 3000
Norm: 2.80147
real 3.96
user 39.43
sys 0.03
Number of threads: 12
Jacobi executed
Total iteration: 3000
Norm: 2.80147
real 3.50
user 41.70
sys 0.05
Number of threads: 14
Jacobi executed
Total iteration: 3000
Norm: 2.80147
real 3.47
user 48.27
sys 0.05
Number of threads: 16
Jacobi executed
Total iteration: 3000
Norm: 2.80147
real 3.56
user 56.49
sys 0.06
Number of threads: 18
Jacobi executed
Total iteration: 3000
Norm: 2.80147
real 2.89
user 51.65
sys 0.04
Number of threads: 20
Jacobi executed
Total iteration: 3000
Norm: 2.80147
real 2.94
user 58.43
sys 0.04
Number of threads: 22
Jacobi executed
Total iteration: 3000
Norm: 2.80147
real 3.14
user 68.56
sys 0.05
Number of threads: 24
Jacobi executed
Total iteration: 3000
Norm: 2.80147
real 3.05
user 72.32
sys 0.05
Executable: ./poisson_j3
Number of threads: 1
Jacobi executed
Total iteration: 3000
Norm: 2.80147
real 37.62
user 37.58
sys 0.03
Number of threads: 2
Jacobi executed
Total iteration: 3000
Norm: 2.80147
real 18.79
user 37.50
sys 0.03
Number of threads: 4
Jacobi executed
Total iteration: 3000
Norm: 2.80147
real 9.44
user 37.67
sys 0.03
Number of threads: 6
Jacobi executed
Total iteration: 3000
Norm: 2.80147
real 6.38
user 38.12
sys 0.04
Number of threads: 8
Jacobi executed
Total iteration: 3000
Norm: 2.80147
real 4.84
user 38.58
sys 0.04
Number of threads: 10
Jacobi executed
Total iteration: 3000
Norm: 2.80147
real 4.03
user 40.09
sys 0.04
Number of threads: 12
Jacobi executed
Total iteration: 3000
Norm: 2.80147
real 3.51
user 41.89
sys 0.05
Number of threads: 14
Jacobi executed
Total iteration: 3000
Norm: 2.80147
real 3.20
user 44.47
sys 0.04
Number of threads: 16
Jacobi executed
Total iteration: 3000
Norm: 2.80147
real 3.00
user 47.71
sys 0.05
Number of threads: 18
Jacobi executed
Total iteration: 3000
Norm: 2.80147
real 3.28
user 58.63
sys 0.05
Number of threads: 20
Jacobi executed
Total iteration: 3000
Norm: 2.80147
real 2.97
user 59.02
sys 0.03
Number of threads: 22
Jacobi executed
Total iteration: 3000
Norm: 2.80147
real 3.15
user 68.68
sys 0.05
Number of threads: 24
Jacobi executed
Total iteration: 3000
Norm: 2.80147
real 4.06
user 96.84
sys 0.05
Executable: ./poisson_j4
Number of threads: 1
Jacobi executed
Total iteration: 3000
Norm: 2.80147
real 37.11
user 37.07
sys 0.03
Number of threads: 2
Jacobi executed
Total iteration: 3000
Norm: 2.80147
real 18.51
user 36.99
sys 0.02
Number of threads: 4
Jacobi executed
Total iteration: 3000
Norm: 2.80147
real 9.32
user 37.26
sys 0.03
Number of threads: 6
Jacobi executed
Total iteration: 3000
Norm: 2.80147
real 6.39
user 38.33
sys 0.02
Number of threads: 8
Jacobi executed
Total iteration: 3000
Norm: 2.80147
real 4.88
user 38.98
sys 0.03
Number of threads: 10
Jacobi executed
Total iteration: 3000
Norm: 2.80147
real 3.88
user 38.81
sys 0.03
Number of threads: 12
Jacobi executed
Total iteration: 3000
Norm: 2.80147
real 3.40
user 40.73
sys 0.03
Number of threads: 14
Jacobi executed
Total iteration: 3000
Norm: 2.80147
real 3.00
user 41.92
sys 0.03
Number of threads: 16
Jacobi executed
Total iteration: 3000
Norm: 2.80147
real 2.83
user 45.28
sys 0.03
Number of threads: 18
Jacobi executed
Total iteration: 3000
Norm: 2.80147
real 2.57
user 46.23
sys 0.04
Number of threads: 20
Jacobi executed
Total iteration: 3000
Norm: 2.80147
real 2.59
user 51.75
sys 0.04
Number of threads: 22
Jacobi executed
Total iteration: 3000
Norm: 2.80147
real 2.57
user 56.45
sys 0.05
Number of threads: 24
Jacobi executed
Total iteration: 3000
Norm: 2.80147
real 2.49
user 59.61
sys 0.11

------------------------------------------------------------
Sender: LSF System <lsfadmin@n-62-21-75>
Subject: Job 9096968: <Jacobi_par> in cluster <dcc> Done

Job <Jacobi_par> was submitted from host <n-62-30-7> by user <s202447> in cluster <dcc> at Thu Jan 14 13:45:40 2021
Job was executed on host(s) <24*n-62-21-75>, in queue <hpcintro>, as user <s202447> in cluster <dcc> at Thu Jan 14 13:45:42 2021
</zhome/49/5/153826> was used as the home directory.
</zhome/49/5/153826/HPC/HPC-parallel-poisson> was used as the working directory.
Started at Thu Jan 14 13:45:42 2021
Terminated at Thu Jan 14 13:52:33 2021
Results reported at Thu Jan 14 13:52:33 2021

Your job looked like:

------------------------------------------------------------
# LSBATCH: User input
#BSUB -J Jacobi_par
#BSUB -o Jacobi_parallel%J.out
#BSUB -q hpcintro
#BSUB -n 24
#BSUB -R "rusage[mem=2048]"
#BSUB -W 45

# module load studio

# define the driver name to use
# valid values: matmult_c.studio, matmult_f.studio, matmult_c.gcc or
# matmult_f.gcc
#

N=150
NUM_ITER=3000
TOLERANCE=0.0001
START_T=0.0
OUTPUT=0

PLACE=cores
BIND=spread

THREADS="1 2 4 6 8 10 12 14 16 18 20 22 24"
#THREADS="6 8 10"
EXE="./poisson_j1 ./poisson_j2 ./poisson_j3 ./poisson_j4" # ./poisson_j5"
#EXE="./poisson_j4"
for EX in $EXE 
do
echo "Executable: $EX"
for THR in $THREADS
do
echo "Number of threads: $THR"
    #OMP_PLACES=$PLACE OMP_PROC_BIND=$BIND OMP_NUM_THREADS=$THR time -p $EX $N $NUM_ITER $TOLERANCE $START_T $OUTPUT
    OMP_NUM_THREADS=$THR time -p $EX $N $NUM_ITER $TOLERANCE $START_T $OUTPUT
done
done

#for N in 100 200 300 400
#do
#    OMP_NUM_THREADS=1 time -p ./poisson_j1 $N $NUM_ITER $TOLERANCE $START_T $OUTPUT
#done

------------------------------------------------------------

Successfully completed.

Resource usage summary:

    CPU time :                                   2492.05 sec.
    Max Memory :                                 68 MB
    Average Memory :                             66.80 MB
    Total Requested Memory :                     49152.00 MB
    Delta Memory :                               49084.00 MB
    Max Swap :                                   -
    Max Processes :                              5
    Max Threads :                                25
    Run time :                                   411 sec.
    Turnaround time :                            413 sec.

The output (if any) is above this job summary.

